[debug] ----------------------------------------------------------------------
[debug] Command:      C:\Program Files\nodejs\node.exe C:\Users\Bedi\AppData\Roaming\npm\node_modules\firebase-tools\bin\firebase serve
[debug] CLI Version:  3.7.0
[debug] Platform:     win32
[debug] Node Version: v6.9.4
[debug] Time:         Mon May 08 2017 01:09:24 GMT+0530 (India Standard Time)
[debug] ----------------------------------------------------------------------
[debug] 
[debug] > command requires scopes: ["email","openid","https://www.googleapis.com/auth/cloudplatformprojects.readonly","https://www.googleapis.com/auth/firebase","https://www.googleapis.com/auth/cloud-platform"]
[debug] >>> HTTP REQUEST GET https://admin.firebase.com/v1/projects/feeds-157317  
 Mon May 08 2017 01:09:24 GMT+0530 (India Standard Time)
[debug] <<< HTTP RESPONSE 200
[debug] >>> HTTP REQUEST GET https://admin.firebase.com/v1/database/feeds-157317/tokens  
 Mon May 08 2017 01:09:26 GMT+0530 (India Standard Time)
[debug] <<< HTTP RESPONSE 200
[info] Starting Firebase development server...
[info] 
[info] Project Directory: F:\Angular2 Dev\Feeds
[debug] >>> HTTP REQUEST GET https://cloudresourcemanager.googleapis.com/v1/projects/feeds-157317  
 Mon May 08 2017 01:09:27 GMT+0530 (India Standard Time)
[debug] <<< HTTP RESPONSE 200
[debug] >>> HTTP REQUEST GET https://mobilesdk-pa.googleapis.com/v1/projects/511871465618/clients/_:getWebAppConfig  
 Mon May 08 2017 01:09:29 GMT+0530 (India Standard Time)
[debug] <<< HTTP RESPONSE 200
[info] Public Directory: hosting
[info] 
[info] Server listening at: http://localhost:5000
